2025-06-02 00:25:39 [JavaFX Application Thread] DEBUG logic.daos.AccountDAO - Verificando credenciales para: juan.perez@universidad.edu
2025-06-02 00:25:39 [JavaFX Application Thread] INFO  dataaccess.ConfigLoader - Archivo config.properties cargado correctamente
2025-06-02 00:25:39 [JavaFX Application Thread] DEBUG dataaccess.ConnectionDataBase - Iniciando conexión a DB - URL: jdbc:mysql://localhost:3306/proyectoprincipiosconstruccion
2025-06-02 00:25:40 [JavaFX Application Thread] INFO  dataaccess.ConnectionDataBase - Conexión exitosa a jdbc:mysql://localhost:3306/proyectoprincipiosconstruccion [292 ms]
2025-06-02 00:25:40 [JavaFX Application Thread] DEBUG dataaccess.ConnectionDataBase - Propiedades de conexión: AutoCommit=true, Isolation=4, ReadOnly=false
2025-06-02 00:25:40 [JavaFX Application Thread] DEBUG dataaccess.PasswordUtils - Resultado comparación contraseña: VÁLIDA
2025-06-02 00:25:40 [JavaFX Application Thread] DEBUG logic.daos.AccountDAO - Buscando cuenta por correo: juan.perez@universidad.edu
2025-06-02 00:25:40 [JavaFX Application Thread] DEBUG dataaccess.ConnectionDataBase - Iniciando conexión a DB - URL: jdbc:mysql://localhost:3306/proyectoprincipiosconstruccion
2025-06-02 00:25:40 [JavaFX Application Thread] INFO  dataaccess.ConnectionDataBase - Conexión exitosa a jdbc:mysql://localhost:3306/proyectoprincipiosconstruccion [12 ms]
2025-06-02 00:25:40 [JavaFX Application Thread] DEBUG dataaccess.ConnectionDataBase - Propiedades de conexión: AutoCommit=true, Isolation=4, ReadOnly=false
2025-06-02 00:25:40 [JavaFX Application Thread] DEBUG logic.daos.AccountDAO - Cuenta encontrada para correo juan.perez@universidad.edu
2025-06-02 00:25:40 [JavaFX Application Thread] DEBUG dataaccess.ConnectionDataBase - Iniciando conexión a DB - URL: jdbc:mysql://localhost:3306/proyectoprincipiosconstruccion
2025-06-02 00:25:40 [JavaFX Application Thread] INFO  dataaccess.ConnectionDataBase - Conexión exitosa a jdbc:mysql://localhost:3306/proyectoprincipiosconstruccion [6 ms]
2025-06-02 00:25:40 [JavaFX Application Thread] DEBUG dataaccess.ConnectionDataBase - Propiedades de conexión: AutoCommit=true, Isolation=4, ReadOnly=false
2025-06-02 00:25:40 [JavaFX Application Thread] DEBUG logic.services.LoginService - Usuario identificado como coordinador
2025-06-02 00:25:40 [JavaFX Application Thread] DEBUG dataaccess.ConnectionDataBase - Iniciando conexión a DB - URL: jdbc:mysql://localhost:3306/proyectoprincipiosconstruccion
2025-06-02 00:25:40 [JavaFX Application Thread] INFO  dataaccess.ConnectionDataBase - Conexión exitosa a jdbc:mysql://localhost:3306/proyectoprincipiosconstruccion [6 ms]
2025-06-02 00:25:40 [JavaFX Application Thread] DEBUG dataaccess.ConnectionDataBase - Propiedades de conexión: AutoCommit=true, Isolation=4, ReadOnly=false
2025-06-02 00:25:42 [JavaFX Application Thread] INFO  logic.daos.LinkedOrganizationDAO - Obteniendo todas las organizaciones vinculadas
2025-06-02 00:25:42 [JavaFX Application Thread] DEBUG dataaccess.ConnectionDataBase - Iniciando conexión a DB - URL: jdbc:mysql://localhost:3306/proyectoprincipiosconstruccion
2025-06-02 00:25:42 [JavaFX Application Thread] INFO  dataaccess.ConnectionDataBase - Conexión exitosa a jdbc:mysql://localhost:3306/proyectoprincipiosconstruccion [10 ms]
2025-06-02 00:25:42 [JavaFX Application Thread] DEBUG dataaccess.ConnectionDataBase - Propiedades de conexión: AutoCommit=true, Isolation=4, ReadOnly=false
2025-06-02 00:25:42 [JavaFX Application Thread] DEBUG logic.daos.LinkedOrganizationDAO - Se encontraron 1 organizaciones vinculadas
2025-06-02 00:26:20 [JavaFX Application Thread] DEBUG logic.daos.LinkedOrganizationDAO - Verificando existencia de organización vinculada con título: Telmex
2025-06-02 00:26:20 [JavaFX Application Thread] DEBUG dataaccess.ConnectionDataBase - Iniciando conexión a DB - URL: jdbc:mysql://localhost:3306/proyectoprincipiosconstruccion
2025-06-02 00:26:20 [JavaFX Application Thread] INFO  dataaccess.ConnectionDataBase - Conexión exitosa a jdbc:mysql://localhost:3306/proyectoprincipiosconstruccion [15 ms]
2025-06-02 00:26:20 [JavaFX Application Thread] DEBUG dataaccess.ConnectionDataBase - Propiedades de conexión: AutoCommit=true, Isolation=4, ReadOnly=false
2025-06-02 00:26:20 [JavaFX Application Thread] DEBUG logic.daos.LinkedOrganizationDAO - ¿Organización vinculada 'Telmex' existe?: false
2025-06-02 00:26:20 [JavaFX Application Thread] DEBUG dataaccess.ConnectionDataBase - Iniciando conexión a DB - URL: jdbc:mysql://localhost:3306/proyectoprincipiosconstruccion
2025-06-02 00:26:20 [JavaFX Application Thread] INFO  dataaccess.ConnectionDataBase - Conexión exitosa a jdbc:mysql://localhost:3306/proyectoprincipiosconstruccion [8 ms]
2025-06-02 00:26:20 [JavaFX Application Thread] DEBUG dataaccess.ConnectionDataBase - Propiedades de conexión: AutoCommit=true, Isolation=4, ReadOnly=false
2025-06-02 00:26:20 [JavaFX Application Thread] DEBUG dataaccess.ConnectionDataBase - Iniciando conexión a DB - URL: jdbc:mysql://localhost:3306/proyectoprincipiosconstruccion
2025-06-02 00:26:20 [JavaFX Application Thread] INFO  dataaccess.ConnectionDataBase - Conexión exitosa a jdbc:mysql://localhost:3306/proyectoprincipiosconstruccion [7 ms]
2025-06-02 00:26:20 [JavaFX Application Thread] DEBUG dataaccess.ConnectionDataBase - Propiedades de conexión: AutoCommit=true, Isolation=4, ReadOnly=false
2025-06-02 00:26:20 [JavaFX Application Thread] DEBUG logic.daos.LinkedOrganizationDAO - Agregando nueva organización vinculada: Telmex
2025-06-02 00:26:20 [JavaFX Application Thread] DEBUG dataaccess.ConnectionDataBase - Iniciando conexión a DB - URL: jdbc:mysql://localhost:3306/proyectoprincipiosconstruccion
2025-06-02 00:26:20 [JavaFX Application Thread] INFO  dataaccess.ConnectionDataBase - Conexión exitosa a jdbc:mysql://localhost:3306/proyectoprincipiosconstruccion [5 ms]
2025-06-02 00:26:20 [JavaFX Application Thread] DEBUG dataaccess.ConnectionDataBase - Propiedades de conexión: AutoCommit=true, Isolation=4, ReadOnly=false
2025-06-02 00:26:20 [JavaFX Application Thread] INFO  logic.daos.LinkedOrganizationDAO - Organización vinculada agregada exitosamente - ID: 2, Nombre: Telmex
2025-06-02 00:26:21 [JavaFX Application Thread] DEBUG userinterface.controllers.ControllerDocumentUploadWindow - Manejadores de eventos configurados
2025-06-02 00:26:21 [JavaFX Application Thread] DEBUG userinterface.controllers.ControllerDocumentUploadWindow - Controlador de subida de documentos creado para organización ID: 2
2025-06-02 00:26:23 [JavaFX Application Thread] DEBUG userinterface.controllers.ControllerDocumentUploadWindow - Operación cancelada por el usuario
2025-06-02 01:01:38 [JavaFX Application Thread] DEBUG logic.daos.AccountDAO - Verificando credenciales para: juan.perez@universidad.edu
2025-06-02 01:01:38 [JavaFX Application Thread] INFO  dataaccess.ConfigLoader - Archivo config.properties cargado correctamente
2025-06-02 01:01:38 [JavaFX Application Thread] DEBUG dataaccess.ConnectionDataBase - Iniciando conexión a DB - URL: jdbc:mysql://localhost:3306/proyectoprincipiosconstruccion
2025-06-02 01:01:38 [JavaFX Application Thread] INFO  dataaccess.ConnectionDataBase - Conexión exitosa a jdbc:mysql://localhost:3306/proyectoprincipiosconstruccion [237 ms]
2025-06-02 01:01:38 [JavaFX Application Thread] DEBUG dataaccess.ConnectionDataBase - Propiedades de conexión: AutoCommit=true, Isolation=4, ReadOnly=false
2025-06-02 01:01:38 [JavaFX Application Thread] DEBUG dataaccess.PasswordUtils - Resultado comparación contraseña: VÁLIDA
2025-06-02 01:01:38 [JavaFX Application Thread] DEBUG logic.daos.AccountDAO - Buscando cuenta por correo: juan.perez@universidad.edu
2025-06-02 01:01:38 [JavaFX Application Thread] DEBUG dataaccess.ConnectionDataBase - Iniciando conexión a DB - URL: jdbc:mysql://localhost:3306/proyectoprincipiosconstruccion
2025-06-02 01:01:38 [JavaFX Application Thread] INFO  dataaccess.ConnectionDataBase - Conexión exitosa a jdbc:mysql://localhost:3306/proyectoprincipiosconstruccion [16 ms]
2025-06-02 01:01:38 [JavaFX Application Thread] DEBUG dataaccess.ConnectionDataBase - Propiedades de conexión: AutoCommit=true, Isolation=4, ReadOnly=false
2025-06-02 01:01:38 [JavaFX Application Thread] DEBUG logic.daos.AccountDAO - Cuenta encontrada para correo juan.perez@universidad.edu
2025-06-02 01:01:38 [JavaFX Application Thread] DEBUG dataaccess.ConnectionDataBase - Iniciando conexión a DB - URL: jdbc:mysql://localhost:3306/proyectoprincipiosconstruccion
2025-06-02 01:01:38 [JavaFX Application Thread] INFO  dataaccess.ConnectionDataBase - Conexión exitosa a jdbc:mysql://localhost:3306/proyectoprincipiosconstruccion [7 ms]
2025-06-02 01:01:38 [JavaFX Application Thread] DEBUG dataaccess.ConnectionDataBase - Propiedades de conexión: AutoCommit=true, Isolation=4, ReadOnly=false
2025-06-02 01:01:38 [JavaFX Application Thread] DEBUG logic.services.LoginService - Usuario identificado como coordinador
2025-06-02 01:01:38 [JavaFX Application Thread] DEBUG dataaccess.ConnectionDataBase - Iniciando conexión a DB - URL: jdbc:mysql://localhost:3306/proyectoprincipiosconstruccion
2025-06-02 01:01:38 [JavaFX Application Thread] INFO  dataaccess.ConnectionDataBase - Conexión exitosa a jdbc:mysql://localhost:3306/proyectoprincipiosconstruccion [8 ms]
2025-06-02 01:01:38 [JavaFX Application Thread] DEBUG dataaccess.ConnectionDataBase - Propiedades de conexión: AutoCommit=true, Isolation=4, ReadOnly=false
2025-06-02 01:02:18 [JavaFX Application Thread] DEBUG logic.daos.LinkedOrganizationDAO - Verificando existencia de organización vinculada con título: OPLE
2025-06-02 01:02:18 [JavaFX Application Thread] DEBUG dataaccess.ConnectionDataBase - Iniciando conexión a DB - URL: jdbc:mysql://localhost:3306/proyectoprincipiosconstruccion
2025-06-02 01:02:18 [JavaFX Application Thread] INFO  dataaccess.ConnectionDataBase - Conexión exitosa a jdbc:mysql://localhost:3306/proyectoprincipiosconstruccion [10 ms]
2025-06-02 01:02:18 [JavaFX Application Thread] DEBUG dataaccess.ConnectionDataBase - Propiedades de conexión: AutoCommit=true, Isolation=4, ReadOnly=false
2025-06-02 01:02:18 [JavaFX Application Thread] DEBUG logic.daos.LinkedOrganizationDAO - ¿Organización vinculada 'OPLE' existe?: false
2025-06-02 01:02:18 [JavaFX Application Thread] DEBUG dataaccess.ConnectionDataBase - Iniciando conexión a DB - URL: jdbc:mysql://localhost:3306/proyectoprincipiosconstruccion
2025-06-02 01:02:18 [JavaFX Application Thread] INFO  dataaccess.ConnectionDataBase - Conexión exitosa a jdbc:mysql://localhost:3306/proyectoprincipiosconstruccion [8 ms]
2025-06-02 01:02:18 [JavaFX Application Thread] DEBUG dataaccess.ConnectionDataBase - Propiedades de conexión: AutoCommit=true, Isolation=4, ReadOnly=false
2025-06-02 01:02:18 [JavaFX Application Thread] DEBUG dataaccess.ConnectionDataBase - Iniciando conexión a DB - URL: jdbc:mysql://localhost:3306/proyectoprincipiosconstruccion
2025-06-02 01:02:18 [JavaFX Application Thread] INFO  dataaccess.ConnectionDataBase - Conexión exitosa a jdbc:mysql://localhost:3306/proyectoprincipiosconstruccion [7 ms]
2025-06-02 01:02:18 [JavaFX Application Thread] DEBUG dataaccess.ConnectionDataBase - Propiedades de conexión: AutoCommit=true, Isolation=4, ReadOnly=false
2025-06-02 01:02:18 [JavaFX Application Thread] DEBUG logic.daos.LinkedOrganizationDAO - Agregando nueva organización vinculada: OPLE
2025-06-02 01:02:18 [JavaFX Application Thread] DEBUG dataaccess.ConnectionDataBase - Iniciando conexión a DB - URL: jdbc:mysql://localhost:3306/proyectoprincipiosconstruccion
2025-06-02 01:02:18 [JavaFX Application Thread] INFO  dataaccess.ConnectionDataBase - Conexión exitosa a jdbc:mysql://localhost:3306/proyectoprincipiosconstruccion [7 ms]
2025-06-02 01:02:18 [JavaFX Application Thread] DEBUG dataaccess.ConnectionDataBase - Propiedades de conexión: AutoCommit=true, Isolation=4, ReadOnly=false
2025-06-02 01:02:18 [JavaFX Application Thread] INFO  logic.daos.LinkedOrganizationDAO - Organización vinculada agregada exitosamente - ID: 3, Nombre: OPLE
2025-06-02 01:02:22 [JavaFX Application Thread] DEBUG logic.daos.LinkedOrganizationDAO - Eliminando organización vinculada ID: 3
2025-06-02 01:02:22 [JavaFX Application Thread] DEBUG dataaccess.ConnectionDataBase - Iniciando conexión a DB - URL: jdbc:mysql://localhost:3306/proyectoprincipiosconstruccion
2025-06-02 01:02:22 [JavaFX Application Thread] INFO  dataaccess.ConnectionDataBase - Conexión exitosa a jdbc:mysql://localhost:3306/proyectoprincipiosconstruccion [8 ms]
2025-06-02 01:02:22 [JavaFX Application Thread] DEBUG dataaccess.ConnectionDataBase - Propiedades de conexión: AutoCommit=true, Isolation=4, ReadOnly=false
2025-06-02 01:02:22 [JavaFX Application Thread] INFO  logic.daos.LinkedOrganizationDAO - Organización vinculada eliminada exitosamente - ID: 3
2025-06-02 01:02:25 [JavaFX Application Thread] DEBUG logic.daos.LinkedOrganizationDAO - Verificando existencia de organización vinculada con título: OPLE
2025-06-02 01:02:25 [JavaFX Application Thread] DEBUG dataaccess.ConnectionDataBase - Iniciando conexión a DB - URL: jdbc:mysql://localhost:3306/proyectoprincipiosconstruccion
2025-06-02 01:02:25 [JavaFX Application Thread] INFO  dataaccess.ConnectionDataBase - Conexión exitosa a jdbc:mysql://localhost:3306/proyectoprincipiosconstruccion [7 ms]
2025-06-02 01:02:25 [JavaFX Application Thread] DEBUG dataaccess.ConnectionDataBase - Propiedades de conexión: AutoCommit=true, Isolation=4, ReadOnly=false
2025-06-02 01:02:25 [JavaFX Application Thread] DEBUG logic.daos.LinkedOrganizationDAO - ¿Organización vinculada 'OPLE' existe?: false
2025-06-02 01:02:25 [JavaFX Application Thread] DEBUG dataaccess.ConnectionDataBase - Iniciando conexión a DB - URL: jdbc:mysql://localhost:3306/proyectoprincipiosconstruccion
2025-06-02 01:02:25 [JavaFX Application Thread] INFO  dataaccess.ConnectionDataBase - Conexión exitosa a jdbc:mysql://localhost:3306/proyectoprincipiosconstruccion [6 ms]
2025-06-02 01:02:25 [JavaFX Application Thread] DEBUG dataaccess.ConnectionDataBase - Propiedades de conexión: AutoCommit=true, Isolation=4, ReadOnly=false
2025-06-02 01:02:25 [JavaFX Application Thread] DEBUG dataaccess.ConnectionDataBase - Iniciando conexión a DB - URL: jdbc:mysql://localhost:3306/proyectoprincipiosconstruccion
2025-06-02 01:02:26 [JavaFX Application Thread] INFO  dataaccess.ConnectionDataBase - Conexión exitosa a jdbc:mysql://localhost:3306/proyectoprincipiosconstruccion [8 ms]
2025-06-02 01:02:26 [JavaFX Application Thread] DEBUG dataaccess.ConnectionDataBase - Propiedades de conexión: AutoCommit=true, Isolation=4, ReadOnly=false
2025-06-02 01:02:26 [JavaFX Application Thread] DEBUG logic.daos.LinkedOrganizationDAO - Agregando nueva organización vinculada: OPLE
2025-06-02 01:02:26 [JavaFX Application Thread] DEBUG dataaccess.ConnectionDataBase - Iniciando conexión a DB - URL: jdbc:mysql://localhost:3306/proyectoprincipiosconstruccion
2025-06-02 01:02:26 [JavaFX Application Thread] INFO  dataaccess.ConnectionDataBase - Conexión exitosa a jdbc:mysql://localhost:3306/proyectoprincipiosconstruccion [7 ms]
2025-06-02 01:02:26 [JavaFX Application Thread] DEBUG dataaccess.ConnectionDataBase - Propiedades de conexión: AutoCommit=true, Isolation=4, ReadOnly=false
2025-06-02 01:02:26 [JavaFX Application Thread] INFO  logic.daos.LinkedOrganizationDAO - Organización vinculada agregada exitosamente - ID: 4, Nombre: OPLE
2025-06-02 01:02:36 [JavaFX Application Thread] DEBUG logic.daos.LinkedOrganizationDocumentDAO - Insertando documento para organización ID: 4 - Nombre archivo: SolicitudbajaExperienciaEducativa-S23014054.pdf
2025-06-02 01:02:36 [JavaFX Application Thread] DEBUG dataaccess.ConnectionDataBase - Iniciando conexión a DB - URL: jdbc:mysql://localhost:3306/proyectoprincipiosconstruccion
2025-06-02 01:02:36 [JavaFX Application Thread] INFO  dataaccess.ConnectionDataBase - Conexión exitosa a jdbc:mysql://localhost:3306/proyectoprincipiosconstruccion [12 ms]
2025-06-02 01:02:36 [JavaFX Application Thread] DEBUG dataaccess.ConnectionDataBase - Propiedades de conexión: AutoCommit=true, Isolation=4, ReadOnly=false
2025-06-02 01:02:36 [JavaFX Application Thread] INFO  logic.daos.LinkedOrganizationDocumentDAO - Documento insertado exitosamente para organización ID: 4 - Archivo: SolicitudbajaExperienciaEducativa-S23014054.pdf
