2025-04-19 16:48:20 [main] DEBUG dataaccess.ConnectionDataBase - Iniciando conexión a DB - URL: jdbc:mysql://localhost:3306/proyectoprincipiosconstruccion
2025-04-19 16:48:20 [main] INFO  dataaccess.ConnectionDataBase - Conexión exitosa a jdbc:mysql://localhost:3306/proyectoprincipiosconstruccion [252 ms]
2025-04-19 16:48:20 [main] DEBUG dataaccess.ConnectionDataBase - Propiedades de conexión: AutoCommit=true, Isolation=4, ReadOnly=false
2025-04-19 16:48:20 [main] INFO  dataaccess.ConnectionDataBase - Prueba de conexión exitosa
2025-04-19 16:49:21 [main] DEBUG dataaccess.ConnectionDataBase - Iniciando conexión a DB - URL: jdbc:mysql://localhost:3306/proyectoprincipiosconstruccion
2025-04-19 16:49:21 [main] INFO  dataaccess.ConnectionDataBase - Conexión exitosa a jdbc:mysql://localhost:3306/proyectoprincipiosconstruccion [250 ms]
2025-04-19 16:49:21 [main] DEBUG dataaccess.ConnectionDataBase - Propiedades de conexión: AutoCommit=true, Isolation=4, ReadOnly=false
2025-04-19 16:49:21 [main] INFO  dataaccess.ConnectionDataBase - Prueba de conexión exitosa
2025-04-21 13:14:19 [JavaFX Application Thread] INFO  dataaccess.ConfigLoader - Archivo config.properties cargado correctamente
2025-04-21 13:14:19 [JavaFX Application Thread] DEBUG dataaccess.ConnectionDataBase - Iniciando conexión a DB - URL: jdbc:mysql://localhost:3306/proyectoprincipiosconstruccion
2025-04-21 13:14:20 [JavaFX Application Thread] INFO  dataaccess.ConnectionDataBase - Conexión exitosa a jdbc:mysql://localhost:3306/proyectoprincipiosconstruccion [375 ms]
2025-04-21 13:14:20 [JavaFX Application Thread] DEBUG dataaccess.ConnectionDataBase - Propiedades de conexión: AutoCommit=true, Isolation=4, ReadOnly=false
2025-04-21 13:14:28 [JavaFX Application Thread] DEBUG dataaccess.ConnectionDataBase - Iniciando conexión a DB - URL: jdbc:mysql://localhost:3306/proyectoprincipiosconstruccion
2025-04-21 13:14:28 [JavaFX Application Thread] INFO  dataaccess.ConnectionDataBase - Conexión exitosa a jdbc:mysql://localhost:3306/proyectoprincipiosconstruccion [19 ms]
2025-04-21 13:14:28 [JavaFX Application Thread] DEBUG dataaccess.ConnectionDataBase - Propiedades de conexión: AutoCommit=true, Isolation=4, ReadOnly=false
2025-04-21 13:14:38 [JavaFX Application Thread] DEBUG dataaccess.ConnectionDataBase - Iniciando conexión a DB - URL: jdbc:mysql://localhost:3306/proyectoprincipiosconstruccion
2025-04-21 13:14:38 [JavaFX Application Thread] INFO  dataaccess.ConnectionDataBase - Conexión exitosa a jdbc:mysql://localhost:3306/proyectoprincipiosconstruccion [17 ms]
2025-04-21 13:14:38 [JavaFX Application Thread] DEBUG dataaccess.ConnectionDataBase - Propiedades de conexión: AutoCommit=true, Isolation=4, ReadOnly=false
2025-04-21 13:42:47 [JavaFX Application Thread] INFO  dataaccess.ConfigLoader - Archivo config.properties cargado correctamente
2025-04-21 13:42:47 [JavaFX Application Thread] DEBUG dataaccess.ConnectionDataBase - Iniciando conexión a DB - URL: jdbc:mysql://localhost:3306/proyectoprincipiosconstruccion
2025-04-21 13:42:47 [JavaFX Application Thread] INFO  dataaccess.ConnectionDataBase - Conexión exitosa a jdbc:mysql://localhost:3306/proyectoprincipiosconstruccion [214 ms]
2025-04-21 13:42:47 [JavaFX Application Thread] DEBUG dataaccess.ConnectionDataBase - Propiedades de conexión: AutoCommit=true, Isolation=4, ReadOnly=false
2025-04-21 13:48:43 [JavaFX Application Thread] DEBUG dataaccess.ConnectionDataBase - Iniciando conexión a DB - URL: jdbc:mysql://localhost:3306/proyectoprincipiosconstruccion
2025-04-21 13:48:43 [JavaFX Application Thread] INFO  dataaccess.ConnectionDataBase - Conexión exitosa a jdbc:mysql://localhost:3306/proyectoprincipiosconstruccion [20 ms]
2025-04-21 13:48:43 [JavaFX Application Thread] DEBUG dataaccess.ConnectionDataBase - Propiedades de conexión: AutoCommit=true, Isolation=4, ReadOnly=false
